# RTL_ID 21041400
#
# Events:
#    N - no event
#    E - exception
#    I - interrupt
#    W - wakeup
# =====================================================================================
# : Core Reset
# =====================================================================================
# Test: illegal.hex
#           Time   Ev  Curr_PC    Instr      Next_PC    Reg        Value     
# =====================================================================================
               3   N   00000000   00000000   00001000   ---        --------
               6   N   00001000   0000e101   00001004   x10_a0     00000000
               7   N   00001004   00004e01   00001006   ---        --------
               8   N   00001006   fffff297   00001008   x28_t3     00000000
               9   N   00001008   4f828293   0000100c   x05_t0     00000008
              10   N   0000100c   30529073   00001010   x05_t0     00000500
              11   N   00001010   00004505   00001014   ---        --------
              12   N   00001014   0000057e   00001016   x10_a0     00000001
              13   N   00001016   00054863   00001018   x10_a0     80000000
              14   N   00001018   0ff0000f   00001028   ---        --------
              17   N   00001028   00028f63   0000102c   x05_t0     00000000
              18   N   0000102c   10529073   0000104a   ---        --------
              22   N   0000104a   00006509   0000104e   ---        --------
              23   N   0000104e   00006509   0000104e   ---        --------
              24   N   0000104e   80050513   00001050   x10_a0     00002000
              25   N   00001050   30052073   00001054   x10_a0     00001800
              26   N   00001054   00000297   00001058   ---        --------
              27   N   00001058   00000297   00001058   ---        --------
              28   N   00001058   6c628293   0000105c   x05_t0     00001058
              29   N   0000105c   34129073   00001060   x05_t0     0000171e
              30   N   00001060   f1402573   00001064   ---        --------
              31   N   00001064   30200073   00001068   x10_a0     00000000
              33   N   00001068   00000000   0000171e   ---        --------
              36   N   0000171e   00200e13   00001720   ---        --------
              37   N   00001720   00000000   00001724   x28_t3     00000002
              38   E   00001724   00000000   00000500   mstatus    00001800
              38   E   00001724   00000000   00000500   mepc       00001724
              38   E   00001724   00000000   00000500   mcause     00000002
              38   E   00001724   00000000   00000500   mtval      00000000
              41   N   00000500   000047a1   00000504   x14_a4     00000002
              42   N   00000504   04f70263   00000506   x15_a5     00000008
              43   N   00000506   000047a5   0000050a   ---        --------
              44   N   0000050a   02f70f63   0000050c   x15_a5     00000009
              45   N   0000050c   000047ad   00000510   ---        --------
              46   N   00000510   02f70c63   00000512   x15_a5     0000000b
              47   N   00000512   47ad0837   00000516   ---        --------
              49   N   00000516   02f71897   0000051a   x16_a6     f0000000
              51   N   0000051a   f0008893   0000051e   x17_a7     0000151a
              53   N   0000051e   00008783   00000522   x17_a7     00001700
              56   N   00000522   0000c791   00000526   x15_a5     00000049
              57   N   00000526   00f82023   00000528   ---        --------
              59   N   00000528   00000885   0000052c   ---        --------
              60   N   0000052c   ff5ff06f   0000052e   x17_a7     00001701
              61   N   0000052e   08851717   00000522   ---        --------
              66   N   00000522   0000c791   00000526   x15_a5     0000006c
              67   N   00000526   00f82023   00000528   ---        --------
              69   N   00000528   00000885   0000052c   ---        --------
              70   N   0000052c   ff5ff06f   0000052e   x17_a7     00001702
              71   N   0000052e   08851717   00000522   ---        --------
              76   N   00000522   0000c791   00000526   x15_a5     0000006c
              77   N   00000526   00f82023   00000528   ---        --------
              79   N   00000528   00000885   0000052c   ---        --------
              80   N   0000052c   ff5ff06f   0000052e   x17_a7     00001703
              81   N   0000052e   08851717   00000522   ---        --------
              86   N   00000522   0000c791   00000526   x15_a5     00000065
              87   N   00000526   00f82023   00000528   ---        --------
              89   N   00000528   00000885   0000052c   ---        --------
              90   N   0000052c   ff5ff06f   0000052e   x17_a7     00001704
              91   N   0000052e   08851717   00000522   ---        --------
              96   N   00000522   0000c791   00000526   x15_a5     00000067
              97   N   00000526   00f82023   00000528   ---        --------
              99   N   00000528   00000885   0000052c   ---        --------
             100   N   0000052c   ff5ff06f   0000052e   x17_a7     00001705
             101   N   0000052e   08851717   00000522   ---        --------
             106   N   00000522   0000c791   00000526   x15_a5     00000061
             107   N   00000526   00f82023   00000528   ---        --------
             109   N   00000528   00000885   0000052c   ---        --------
             110   N   0000052c   ff5ff06f   0000052e   x17_a7     00001706
             111   N   0000052e   08851717   00000522   ---        --------
             116   N   00000522   0000c791   00000526   x15_a5     0000006c
             117   N   00000526   00f82023   00000528   ---        --------
             119   N   00000528   00000885   0000052c   ---        --------
             120   N   0000052c   ff5ff06f   0000052e   x17_a7     00001707
             121   N   0000052e   08851717   00000522   ---        --------
             126   N   00000522   0000c791   00000526   x15_a5     00000020
             127   N   00000526   00f82023   00000528   ---        --------
             129   N   00000528   00000885   0000052c   ---        --------
             130   N   0000052c   ff5ff06f   0000052e   x17_a7     00001708
             131   N   0000052e   08851717   00000522   ---        --------
             136   N   00000522   0000c791   00000526   x15_a5     00000049
             137   N   00000526   00f82023   00000528   ---        --------
             139   N   00000528   00000885   0000052c   ---        --------
             140   N   0000052c   ff5ff06f   0000052e   x17_a7     00001709
             141   N   0000052e   08851717   00000522   ---        --------
             146   N   00000522   0000c791   00000526   x15_a5     0000006e
             147   N   00000526   00f82023   00000528   ---        --------
             149   N   00000528   00000885   0000052c   ---        --------
             150   N   0000052c   ff5ff06f   0000052e   x17_a7     0000170a
             151   N   0000052e   08851717   00000522   ---        --------
             156   N   00000522   0000c791   00000526   x15_a5     00000073
             157   N   00000526   00f82023   00000528   ---        --------
             159   N   00000528   00000885   0000052c   ---        --------
             160   N   0000052c   ff5ff06f   0000052e   x17_a7     0000170b
             161   N   0000052e   08851717   00000522   ---        --------
             166   N   00000522   0000c791   00000526   x15_a5     00000074
             167   N   00000526   00f82023   00000528   ---        --------
             169   N   00000528   00000885   0000052c   ---        --------
             170   N   0000052c   ff5ff06f   0000052e   x17_a7     0000170c
             171   N   0000052e   08851717   00000522   ---        --------
             176   N   00000522   0000c791   00000526   x15_a5     00000072
             177   N   00000526   00f82023   00000528   ---        --------
             179   N   00000528   00000885   0000052c   ---        --------
             180   N   0000052c   ff5ff06f   0000052e   x17_a7     0000170d
             181   N   0000052e   08851717   00000522   ---        --------
             186   N   00000522   0000c791   00000526   x15_a5     00000075
             187   N   00000526   00f82023   00000528   ---        --------
             189   N   00000528   00000885   0000052c   ---        --------
             190   N   0000052c   ff5ff06f   0000052e   x17_a7     0000170e
             191   N   0000052e   08851717   00000522   ---        --------
             196   N   00000522   0000c791   00000526   x15_a5     00000063
             197   N   00000526   00f82023   00000528   ---        --------
             199   N   00000528   00000885   0000052c   ---        --------
             200   N   0000052c   ff5ff06f   0000052e   x17_a7     0000170f
             201   N   0000052e   08851717   00000522   ---        --------
             206   N   00000522   0000c791   00000526   x15_a5     00000074
             207   N   00000526   00f82023   00000528   ---        --------
             209   N   00000528   00000885   0000052c   ---        --------
             210   N   0000052c   ff5ff06f   0000052e   x17_a7     00001710
             211   N   0000052e   08851717   00000522   ---        --------
             216   N   00000522   0000c791   00000526   x15_a5     0000006f
             217   N   00000526   00f82023   00000528   ---        --------
             219   N   00000528   00000885   0000052c   ---        --------
             220   N   0000052c   ff5ff06f   0000052e   x17_a7     00001711
             221   N   0000052e   08851717   00000522   ---        --------
             226   N   00000522   0000c791   00000526   x15_a5     0000006e
             227   N   00000526   00f82023   00000528   ---        --------
             229   N   00000528   00000885   0000052c   ---        --------
             230   N   0000052c   ff5ff06f   0000052e   x17_a7     00001712
             231   N   0000052e   08851717   00000522   ---        --------
             236   N   00000522   0000c791   00000526   x15_a5     00000020
             237   N   00000526   00f82023   00000528   ---        --------
             239   N   00000528   00000885   0000052c   ---        --------
             240   N   0000052c   ff5ff06f   0000052e   x17_a7     00001713
             241   N   0000052e   08851717   00000522   ---        --------
             246   N   00000522   0000c791   00000526   x15_a5     00000069
             247   N   00000526   00f82023   00000528   ---        --------
             249   N   00000528   00000885   0000052c   ---        --------
             250   N   0000052c   ff5ff06f   0000052e   x17_a7     00001714
             251   N   0000052e   08851717   00000522   ---        --------
             256   N   00000522   0000c791   00000526   x15_a5     00000073
             257   N   00000526   00f82023   00000528   ---        --------
             259   N   00000528   00000885   0000052c   ---        --------
             260   N   0000052c   ff5ff06f   0000052e   x17_a7     00001715
             261   N   0000052e   08851717   00000522   ---        --------
             266   N   00000522   0000c791   00000526   x15_a5     00000020
             267   N   00000526   00f82023   00000528   ---        --------
             269   N   00000528   00000885   0000052c   ---        --------
             270   N   0000052c   ff5ff06f   0000052e   x17_a7     00001716
             271   N   0000052e   08851717   00000522   ---        --------
             276   N   00000522   0000c791   00000526   x15_a5     00000044
             277   N   00000526   00f82023   00000528   ---        --------
             279   N   00000528   00000885   0000052c   ---        --------
             280   N   0000052c   ff5ff06f   0000052e   x17_a7     00001717
             281   N   0000052e   08851717   00000522   ---        --------
             286   N   00000522   0000c791   00000526   x15_a5     00000065
             287   N   00000526   00f82023   00000528   ---        --------
             289   N   00000528   00000885   0000052c   ---        --------
             290   N   0000052c   ff5ff06f   0000052e   x17_a7     00001718
             291   N   0000052e   08851717   00000522   ---        --------
             296   N   00000522   0000c791   00000526   x15_a5     00000074
             297   N   00000526   00f82023   00000528   ---        --------
             299   N   00000528   00000885   0000052c   ---        --------
             300   N   0000052c   ff5ff06f   0000052e   x17_a7     00001719
             301   N   0000052e   08851717   00000522   ---        --------
             306   N   00000522   0000c791   00000526   x15_a5     00000065
             307   N   00000526   00f82023   00000528   ---        --------
             309   N   00000528   00000885   0000052c   ---        --------
             310   N   0000052c   ff5ff06f   0000052e   x17_a7     0000171a
             311   N   0000052e   08851717   00000522   ---        --------
             316   N   00000522   0000c791   00000526   x15_a5     00000063
             317   N   00000526   00f82023   00000528   ---        --------
             319   N   00000528   00000885   0000052c   ---        --------
             320   N   0000052c   ff5ff06f   0000052e   x17_a7     0000171b
             321   N   0000052e   08851717   00000522   ---        --------
             326   N   00000522   0000c791   00000526   x15_a5     00000074
             327   N   00000526   00f82023   00000528   ---        --------
             329   N   00000528   00000885   0000052c   ---        --------
             330   N   0000052c   ff5ff06f   0000052e   x17_a7     0000171c
             331   N   0000052e   08851717   00000522   ---        --------
             336   N   00000522   0000c791   00000526   x15_a5     00000021
             337   N   00000526   00f82023   00000528   ---        --------
             339   N   00000528   00000885   0000052c   ---        --------
             340   N   0000052c   ff5ff06f   0000052e   x17_a7     0000171d
             341   N   0000052e   08851717   00000522   ---        --------
             346   N   00000522   0000c791   00000526   x15_a5     00000000
             347   N   00000526   00f82023   00000532   ---        --------
             351   N   00000532   20230713   00000536   x14_a4     00001532
             353   N   00000536   0000c311   0000053a   x14_a4     00001900
             354   N   0000053a   00008702   0000053c   ---        --------
             355   N   0000053c   34202773   00001900   ---        --------
             358   N   00001900   e75ff06f   00001940   ---        --------
             361   N   00001940   342022f3   00001944   x06_t1     00000002
             362   N   00001944   ec629ae3   00001948   x05_t0     00000002
             363   N   00001948   341022f3   0000194c   ---        --------
             364   N   0000194c   343023f3   00001950   x05_t0     00001724
             365   N   00001950   00038e63   00001954   x07_t2     00000000
             366   N   00001954   0002d303   00001970   ---        --------
             369   N   00001970   db430313   00001974   x06_t1     00001970
             370   N   00001974   04628e63   00001978   x06_t1     00001724
             371   N   00001978   00000317   000019d4   ---        --------
             374   N   000019d4   34129073   000019d8   x05_t0     0000172c
             375   N   000019d8   30200073   000019dc   ---        --------
             377   N   000019dc   00200337   0000172c   ---        --------
             380   N   0000172c   80028293   00001730   x05_t0     00002000
             381   N   00001730   3002b073   00001734   x05_t0     00001800
             382   N   00001734   00001337   00001738   ---        --------
             383   N   00001738   00001337   00001738   ---        --------
             384   N   00001738   80030313   0000173c   x06_t1     00001000
             385   N   0000173c   30032073   00001740   x06_t1     00000800
             386   N   00001740   300023f3   00001744   ---        --------
             387   N   00001744   300023f3   00001744   ---        --------
             388   N   00001744   0053f3b3   00001748   x07_t2     00001880
             389   N   00001748   0e731063   0000174c   x07_t2     00001800
             390   N   0000174c   34415073   0000182c   ---        --------
             393   N   0000182c   000e0593   00001830   ---        --------
             394   N   00001830   00000513   00001834   x11_a1     00000002
             395   N   00001834   00000073   00001838   x10_a0     00000000
             396   E   00001838   00000013   00000500   mstatus    00001800
             396   E   00001838   00000013   00000500   mepc       00001838
             396   E   00001838   00000013   00000500   mcause     0000000b
             396   E   00001838   00000013   00000500   mtval      00000000
             399   N   00000500   000047a1   00000504   x14_a4     0000000b
             400   N   00000504   04f70263   00000506   x15_a5     00000008
             401   N   00000506   000047a5   0000050a   ---        --------
             402   N   0000050a   02f70f63   0000050c   x15_a5     00000009
             403   N   0000050c   000047ad   00000510   ---        --------
             404   N   00000510   02f70c63   00000512   x15_a5     0000000b
             405   N   00000512   47ad0837   0000054a   ---        --------
             409   N   0000054a   08370013   00001ae0   ---        --------
             412   N   00001ae0   61428293   00001ae4   x05_t0     fffffae0
             413   N   00001ae4   00008282   00001ae8   x05_t0     000000f4
             414   N   00001ae8   00000013   000000f4   ---        --------
             417   N   000000f4   0000006f   000000f8   ---        --------
             418   N   000000f8   ffffffff   000000f8   ---        --------
